Connecting to database specified by database.yml


Started GET "/" for 127.0.0.1 at 2012-09-18 03:00:36 -0700
Processing by HomeController#index as HTML
  Rendered home/index.html.haml within layouts/application (2.6ms)
  Rendered application/_header_guest.html.haml (3.0ms)
  Rendered application/_header.html.haml (11.2ms)
Completed 200 OK in 157ms (Views: 156.8ms | ActiveRecord: 0.0ms)


Started GET "/assets/application.css" for 127.0.0.1 at 2012-09-18 03:00:37 -0700
Compiled app.css  (100ms)  (pid 3884)
Compiled bootstrap-responsive.css  (0ms)  (pid 3884)
Compiled bootstrap.css  (39ms)  (pid 3884)
Compiled home.css  (0ms)  (pid 3884)
Compiled sessions.css  (0ms)  (pid 3884)
Compiled users.css  (0ms)  (pid 3884)
Compiled application.css  (288ms)  (pid 3884)
Served asset /application.css - 200 OK (362ms)


Started GET "/assets/application.js" for 127.0.0.1 at 2012-09-18 03:00:37 -0700
Compiled jquery.js  (13ms)  (pid 3884)
Compiled jquery_ujs.js  (0ms)  (pid 3884)
Compiled app.js  (563ms)  (pid 3884)
Compiled bootstrap.js  (0ms)  (pid 3884)
Compiled home.js  (113ms)  (pid 3884)
Compiled locations.js  (211ms)  (pid 3884)
Compiled sessions.js  (171ms)  (pid 3884)
Compiled users.js  (201ms)  (pid 3884)
Compiled application.js  (1572ms)  (pid 3884)
Served asset /application.js - 200 OK (1636ms)


Started GET "/reports" for 127.0.0.1 at 2012-09-18 03:00:42 -0700
Processing by AppController#reports_index as HTML
  [1m[36m (0.3ms)[0m  [1mSELECT '' AS name, 0 AS num_posts FROM users WHERE 1=2[0m
  [1m[35m (0.0ms)[0m  SELECT '' AS name, 0 AS num_users FROM users WHERE 1=2
  [1m[36m (0.1ms)[0m  [1mSELECT '' AS name, 0 AS num_locations FROM users WHERE 1=2[0m
  Rendered reports/index.html.haml within layouts/application (7.6ms)
  Rendered application/_header_guest.html.haml (0.8ms)
  Rendered application/_header.html.haml (1.4ms)
Completed 200 OK in 76ms (Views: 15.0ms | ActiveRecord: 0.4ms)


Started GET "/assets/application.js" for 127.0.0.1 at 2012-09-18 03:00:42 -0700
Served asset /application.js - 304 Not Modified (0ms)


Started GET "/" for 127.0.0.1 at 2012-09-18 03:00:43 -0700
Processing by HomeController#index as HTML
  Rendered home/index.html.haml within layouts/application (0.3ms)
  Rendered application/_header_guest.html.haml (0.7ms)
  Rendered application/_header.html.haml (2.0ms)
Completed 200 OK in 33ms (Views: 32.7ms | ActiveRecord: 0.0ms)


Started GET "/assets/application.js" for 127.0.0.1 at 2012-09-18 03:00:44 -0700
Served asset /application.js - 304 Not Modified (0ms)
Connecting to database specified by database.yml


Started GET "/" for 127.0.0.1 at 2012-10-01 08:25:04 -0700
Processing by HomeController#index as HTML
  Rendered home/index.html.haml within layouts/application (1.5ms)
  Rendered application/_header_guest.html.haml (2.3ms)
  Rendered application/_header.html.haml (3.9ms)
Completed 200 OK in 80ms (Views: 79.7ms | ActiveRecord: 0.0ms)


Started GET "/assets/application.css" for 127.0.0.1 at 2012-10-01 08:25:04 -0700
Served asset /application.css - 200 OK (175ms)


Started GET "/assets/application.js" for 127.0.0.1 at 2012-10-01 08:25:04 -0700
Served asset /application.js - 200 OK (179ms)
Connecting to database specified by database.yml


Started GET "/login" for 127.0.0.1 at 2012-10-01 08:31:53 -0700
Processing by SessionsController#new as HTML
  Rendered sessions/new.html.haml within layouts/application (354.8ms)
  Rendered application/_header_guest.html.haml (3.8ms)
  Rendered application/_header.html.haml (12.2ms)
Completed 200 OK in 451ms (Views: 451.3ms | ActiveRecord: 0.0ms)


Started GET "/assets/application.css" for 127.0.0.1 at 2012-10-01 08:31:54 -0700
Served asset /application.css - 304 Not Modified (20ms)


Started GET "/assets/application.js" for 127.0.0.1 at 2012-10-01 08:31:54 -0700
Served asset /application.js - 304 Not Modified (40ms)


Started GET "/signup" for 127.0.0.1 at 2012-10-01 08:31:56 -0700
Processing by UsersController#new as HTML
  Rendered users/new.html.haml within layouts/application (6.3ms)
  Rendered application/_header_guest.html.haml (0.7ms)
  Rendered application/_header.html.haml (2.2ms)
Completed 200 OK in 16ms (Views: 11.8ms | ActiveRecord: 0.0ms)


Started GET "/assets/application.js" for 127.0.0.1 at 2012-10-01 08:31:56 -0700
Served asset /application.js - 304 Not Modified (1ms)


Started GET "/assets/application.css" for 127.0.0.1 at 2012-10-01 08:31:56 -0700
Served asset /application.css - 304 Not Modified (0ms)


Started POST "/users" for 127.0.0.1 at 2012-10-01 08:32:07 -0700
Processing by UsersController#create as HTML
  Parameters: {"utf8"=>"✓", "authenticity_token"=>"xhcI0Ybr3jzAR6sdpDXhaOBNb8jxHtgOwmdjY2+v5tI=", "user"=>{"name"=>"James", "email"=>"james.won@berkeley.edu", "password"=>"[FILTERED]", "password_confirmation"=>"[FILTERED]"}, "commit"=>"Create Account"}
  [1m[36m (0.1ms)[0m  [1mbegin transaction[0m
  [1m[35mUser Exists (0.1ms)[0m  SELECT 1 AS one FROM "users" WHERE "users"."email" = 'james.won@berkeley.edu' LIMIT 1
  [1m[36m (0.0ms)[0m  [1mrollback transaction[0m
  Rendered users/new.html.haml within layouts/application (0.4ms)
Completed 500 Internal Server Error in 440ms

ActionView::Template::Error (undefined method `model_name' for NilClass:Class):
    1: .page-header
    2:   %h1 Sign up
    3: 
    4: =simple_form_for @user, :html => {:class => "form-horizontal"} do |f|
    5:   =f.input :name
    6:   =f.input :email
    7:   =f.input :password
  app/views/users/new.html.haml:4:in `_app_views_users_new_html_haml__661623824_74709380'
  app/controllers/users_controller.rb:18:in `create'


  Rendered /usr/local/lib/ruby/gems/1.9.1/gems/actionpack-3.2.8/lib/action_dispatch/middleware/templates/rescues/_trace.erb (1.1ms)
  Rendered /usr/local/lib/ruby/gems/1.9.1/gems/actionpack-3.2.8/lib/action_dispatch/middleware/templates/rescues/_request_and_response.erb (0.9ms)
  Rendered /usr/local/lib/ruby/gems/1.9.1/gems/actionpack-3.2.8/lib/action_dispatch/middleware/templates/rescues/template_error.erb within rescues/layout (27.2ms)


Started GET "/login" for 127.0.0.1 at 2012-10-01 10:27:23 -0700
Processing by SessionsController#new as HTML
  Rendered sessions/new.html.haml within layouts/application (15.3ms)
  Rendered application/_header_guest.html.haml (0.6ms)
  Rendered application/_header.html.haml (1.2ms)
Completed 200 OK in 36ms (Views: 36.4ms | ActiveRecord: 0.0ms)


Started GET "/assets/application.js" for 127.0.0.1 at 2012-10-01 10:27:23 -0700
Served asset /application.js - 304 Not Modified (2ms)


Started GET "/assets/application.css" for 127.0.0.1 at 2012-10-01 10:27:23 -0700
Served asset /application.css - 304 Not Modified (1ms)


Started GET "/login" for 127.0.0.1 at 2012-10-01 10:27:25 -0700
Processing by SessionsController#new as HTML
  Rendered sessions/new.html.haml within layouts/application (11.0ms)
  Rendered application/_header_guest.html.haml (0.6ms)
  Rendered application/_header.html.haml (1.2ms)
Completed 200 OK in 15ms (Views: 15.0ms | ActiveRecord: 0.0ms)


Started GET "/assets/application.css" for 127.0.0.1 at 2012-10-01 10:27:25 -0700
Served asset /application.css - 304 Not Modified (0ms)


Started GET "/assets/application.js" for 127.0.0.1 at 2012-10-01 10:27:25 -0700
Served asset /application.js - 304 Not Modified (1ms)


Started GET "/" for 127.0.0.1 at 2012-10-01 10:27:25 -0700
Processing by HomeController#index as HTML
  Rendered home/index.html.haml within layouts/application (1.1ms)
  Rendered application/_header_guest.html.haml (0.4ms)
  Rendered application/_header.html.haml (8.5ms)
Completed 200 OK in 18ms (Views: 17.4ms | ActiveRecord: 0.0ms)


Started GET "/assets/application.css" for 127.0.0.1 at 2012-10-01 10:27:25 -0700
Served asset /application.css - 304 Not Modified (1ms)


Started GET "/assets/application.js" for 127.0.0.1 at 2012-10-01 10:27:25 -0700
Served asset /application.js - 304 Not Modified (10ms)
Connecting to database specified by database.yml
Connecting to database specified by database.yml
Connecting to database specified by database.yml
Connecting to database specified by database.yml
Connecting to database specified by database.yml
Connecting to database specified by database.yml
  [1m[36m (0.0ms)[0m  [1mSELECT "schema_migrations"."version" FROM "schema_migrations" [0m
Migrating to CreateUsers (20120905195452)
Migrating to CreateLocations (20121001173605)
  [1m[35m (0.1ms)[0m  select sqlite_version(*)
  [1m[36m (0.0ms)[0m  [1mbegin transaction[0m
  [1m[35m (10.6ms)[0m  CREATE TABLE "locations" ("id" INTEGER PRIMARY KEY AUTOINCREMENT NOT NULL, "name" varchar(255), "gps_lat" float, "gps_long" float, "created_at" datetime NOT NULL, "updated_at" datetime NOT NULL) 
  [1m[36m (0.1ms)[0m  [1mINSERT INTO "schema_migrations" ("version") VALUES ('20121001173605')[0m
  [1m[35m (6.9ms)[0m  commit transaction
Migrating to CreatePosts (20121001173734)
  [1m[36m (0.0ms)[0m  [1mbegin transaction[0m
  [1m[35m (0.2ms)[0m  CREATE TABLE "posts" ("id" INTEGER PRIMARY KEY AUTOINCREMENT NOT NULL, "text" text, "user_id" integer, "location_id" integer, "created_at" datetime NOT NULL, "updated_at" datetime NOT NULL) 
  [1m[36m (0.1ms)[0m  [1mINSERT INTO "schema_migrations" ("version") VALUES ('20121001173734')[0m
  [1m[35m (5.2ms)[0m  commit transaction
Migrating to CreateFollowings (20121002162649)
  [1m[36m (0.0ms)[0m  [1mbegin transaction[0m
  [1m[35m (0.2ms)[0m  CREATE TABLE "followings" ("id" INTEGER PRIMARY KEY AUTOINCREMENT NOT NULL, "user_id" integer, "location_id" integer, "created_at" datetime NOT NULL, "updated_at" datetime NOT NULL) 
  [1m[36m (0.0ms)[0m  [1mINSERT INTO "schema_migrations" ("version") VALUES ('20121002162649')[0m
  [1m[35m (3.4ms)[0m  commit transaction
  [1m[36m (0.3ms)[0m  [1mselect sqlite_version(*)[0m
  [1m[35m (0.1ms)[0m  SELECT "schema_migrations"."version" FROM "schema_migrations" 
  [1m[36m (0.0ms)[0m  [1mPRAGMA index_list("followings")[0m
  [1m[35m (0.0ms)[0m  PRAGMA index_list("locations")
  [1m[36m (0.0ms)[0m  [1mPRAGMA index_list("posts")[0m
  [1m[35m (0.0ms)[0m  PRAGMA index_list("users")
Connecting to database specified by database.yml
Connecting to database specified by database.yml
SQLite3::SQLException: no such column: id.id: DELETE FROM "followings" WHERE "id"."id" = 1
Connecting to database specified by database.yml
SQLite3::SQLException: near "Locations": syntax error: SELECT * Locations
SQLite3::SQLException: near "Location": syntax error: SELECT * Location
SQLite3::SQLException: no such table: Location: SELECT * FROM Location
SQLite3::SQLException: no such table: Following: SELECT * FROM Following
Connecting to database specified by database.yml
Connecting to database specified by database.yml
Connecting to database specified by database.yml
Connecting to database specified by database.yml
Connecting to database specified by database.yml
